<?xml version="1.0" encoding="UTF-8"?>
<testng-results skipped="0" failed="0" total="1" passed="1">
  <reporter-output>
  </reporter-output>
  <suite name="Default suite" duration-ms="61018" started-at="2021-02-22T17:56:38Z" finished-at="2021-02-22T17:57:39Z">
    <groups>
    </groups>
    <test name="Default test" duration-ms="61018" started-at="2021-02-22T17:56:38Z" finished-at="2021-02-22T17:57:39Z">
      <class name="Project1.NewTest">
        <test-method status="PASS" signature="beforeClass()[pri:0, instance:Project1.NewTest@6bdf28bb]" name="beforeClass" is-config="true" duration-ms="45742" started-at="2021-02-22T23:26:38Z" finished-at="2021-02-22T23:27:24Z">
          <reporter-output>
          </reporter-output>
        </test-method> <!-- beforeClass -->
        <test-method status="PASS" signature="Camera()[pri:0, instance:Project1.NewTest@6bdf28bb]" name="Camera" duration-ms="9388" started-at="2021-02-22T23:27:24Z" finished-at="2021-02-22T23:27:33Z">
          <reporter-output>
          </reporter-output>
        </test-method> <!-- Camera -->
        <test-method status="PASS" signature="afterClass()[pri:0, instance:Project1.NewTest@6bdf28bb]" name="afterClass" is-config="true" duration-ms="5867" started-at="2021-02-22T23:27:33Z" finished-at="2021-02-22T23:27:39Z">
          <reporter-output>
          </reporter-output>
        </test-method> <!-- afterClass -->
      </class> <!-- Project1.NewTest -->
    </test> <!-- Default test -->
  </suite> <!-- Default suite -->
</testng-results>
